<?xml version="1.0" encoding="UTF-8"?>
<testsuite name="MWPR_11_DataExportToFile" tests="1" skipped="0" failures="0" errors="0" timestamp="2021-08-05T06:51:12" hostname="VeresLaszlo-PC" time="3.114">
  <properties/>
  <testcase name="exportProductsNameToFile()" classname="MWPR_11_DataExportToFile" time="3.114"/>
  <system-out><![CDATA[]]></system-out>
  <system-err><![CDATA[1628146264437	geckodriver	INFO	Listening on 127.0.0.1:44162
1628146264927	mozrunner::runner	INFO	Running command: "C:\\Program Files (x86)\\Mozilla Firefox\\firefox.exe" "--marionette" "-foreground" "-no-remote" "-profile" "C:\\Users\\DN\\AppData\\Local\\Temp\\rust_mozprofilexFuv3m"
1628146265509	Marionette	INFO	Marionette enabled
console.warn: SearchSettings: "get: No settings file exists, new profile?" (new NotFoundError("Could not open the file at C:\\Users\\DN\\AppData\\Local\\Temp\\rust_mozprofilexFuv3m\\search.json.mozlz4", (void 0)))
1628146270251	Marionette	INFO	Listening on port 50892
1628146270529	Marionette	WARN	TLS certificate errors will be ignored for this session
aug. 05, 2021 8:51:10 DE. org.openqa.selenium.remote.ProtocolHandshake createSession
INFO: Detected dialect: W3C
1628146273772	Marionette	INFO	Stopped listening on port 50892
]]></system-err>
</testsuite>
