<?xml version="1.0" encoding="UTF-8"?>
<testsuite name="MWPR_11_DataExportToFile" tests="1" skipped="0" failures="0" errors="0" timestamp="2021-07-29T14:14:44" hostname="VeresLaszlo-PC" time="2.887">
  <properties/>
  <testcase name="exportProductsNameToFile()" classname="MWPR_11_DataExportToFile" time="2.887"/>
  <system-out><![CDATA[]]></system-out>
  <system-err><![CDATA[1627568075652	geckodriver	INFO	Listening on 127.0.0.1:35060
1627568076142	mozrunner::runner	INFO	Running command: "C:\\Program Files (x86)\\Mozilla Firefox\\firefox.exe" "--marionette" "-foreground" "-no-remote" "-profile" "C:\\Users\\DN\\AppData\\Local\\Temp\\rust_mozprofile1R0HK6"
1627568076733	Marionette	INFO	Marionette enabled
console.warn: SearchSettings: "get: No settings file exists, new profile?" (new NotFoundError("Could not open the file at C:\\Users\\DN\\AppData\\Local\\Temp\\rust_mozprofile1R0HK6\\search.json.mozlz4", (void 0)))
1627568081326	Marionette	INFO	Listening on port 55028
1627568081584	Marionette	WARN	TLS certificate errors will be ignored for this session
jÃºl. 29, 2021 4:14:41 DU. org.openqa.selenium.remote.ProtocolHandshake createSession
INFO: Detected dialect: W3C
1627568085652	Marionette	INFO	Stopped listening on port 55028
]]></system-err>
</testsuite>
