<?xml version="1.0" encoding="UTF-8"?>
<testsuite name="MWPR_02_RegFailed" tests="1" skipped="0" failures="0" errors="0" timestamp="2021-08-05T06:47:43" hostname="VeresLaszlo-PC" time="4.489">
  <properties/>
  <testcase name="failedRegistration()" classname="MWPR_02_RegFailed" time="4.489"/>
  <system-out><![CDATA[]]></system-out>
  <system-err><![CDATA[1628146054466	geckodriver	INFO	Listening on 127.0.0.1:40064
1628146054935	mozrunner::runner	INFO	Running command: "C:\\Program Files (x86)\\Mozilla Firefox\\firefox.exe" "--marionette" "-foreground" "-no-remote" "-profile" "C:\\Users\\DN\\AppData\\Local\\Temp\\rust_mozprofilekSCGZI"
1628146055512	Marionette	INFO	Marionette enabled
console.warn: SearchSettings: "get: No settings file exists, new profile?" (new NotFoundError("Could not open the file at C:\\Users\\DN\\AppData\\Local\\Temp\\rust_mozprofilekSCGZI\\search.json.mozlz4", (void 0)))
1628146060830	Marionette	INFO	Listening on port 50413
1628146061191	Marionette	WARN	TLS certificate errors will be ignored for this session
aug. 05, 2021 8:47:41 DE. org.openqa.selenium.remote.ProtocolHandshake createSession
INFO: Detected dialect: W3C
1628146066543	Marionette	INFO	Stopped listening on port 50413
JavaScript error: resource:///modules/FaviconLoader.jsm, line 596: InvalidStateError: JSWindowActorChild.sendAsyncMessage: JSWindowActorChild cannot send at the moment

###!!! [Child][RunMessage] Error: Channel closing: too late to send/recv, messages will be lost


###!!! [Child][RunMessage] Error: Channel closing: too late to send/recv, messages will be lost

]]></system-err>
</testsuite>
