<?xml version="1.0" encoding="UTF-8"?>
<testsuite name="MWPR_12_LogOutSuccess" tests="1" skipped="0" failures="0" errors="0" timestamp="2021-08-07T06:27:29" hostname="VeresLaszlo-PC" time="24.09">
  <properties/>
  <testcase name="logOutSuccessful()" classname="MWPR_12_LogOutSuccess" time="24.09"/>
  <system-out><![CDATA[]]></system-out>
  <system-err><![CDATA[[Test worker] INFO io.github.bonigarcia.wdm.WebDriverManager - Using geckodriver 0.29.0 (resolved driver for Firefox 90)
[Test worker] INFO io.github.bonigarcia.wdm.WebDriverManager - Exporting webdriver.gecko.driver as C:\Users\DN\.cache\selenium\geckodriver\win64\0.29.0\geckodriver.exe
1628317640515	geckodriver	INFO	Listening on 127.0.0.1:39066
1628317640972	mozrunner::runner	INFO	Running command: "C:\\Program Files (x86)\\Mozilla Firefox\\firefox.exe" "--marionette" "-foreground" "-no-remote" "-profile" "C:\\Users\\DN\\AppData\\Local\\Temp\\rust_mozprofileH7VaF7"
1628317641543	Marionette	INFO	Marionette enabled
console.warn: SearchSettings: "get: No settings file exists, new profile?" (new NotFoundError("Could not open the file at C:\\Users\\DN\\AppData\\Local\\Temp\\rust_mozprofileH7VaF7\\search.json.mozlz4", (void 0)))
1628317646174	Marionette	INFO	Listening on port 50127
1628317646756	Marionette	WARN	TLS certificate errors will be ignored for this session
aug. 07, 2021 8:27:26 DE. org.openqa.selenium.remote.ProtocolHandshake createSession
INFO: Detected dialect: W3C
1628317671968	Marionette	INFO	Stopped listening on port 50127

###!!! [Child][RunMessage] Error: Channel closing: too late to send/recv, messages will be lost

]]></system-err>
</testsuite>
