<?xml version="1.0" encoding="UTF-8"?>
<testsuite name="MWPR_10_DataDelete" tests="1" skipped="0" failures="0" errors="0" timestamp="2021-08-05T06:50:57" hostname="VeresLaszlo-PC" time="7.142">
  <properties/>
  <testcase name="deleteProductFromCart()" classname="MWPR_10_DataDelete" time="7.142"/>
  <system-out><![CDATA[]]></system-out>
  <system-err><![CDATA[1628146248365	geckodriver	INFO	Listening on 127.0.0.1:35709
1628146248847	mozrunner::runner	INFO	Running command: "C:\\Program Files (x86)\\Mozilla Firefox\\firefox.exe" "--marionette" "-foreground" "-no-remote" "-profile" "C:\\Users\\DN\\AppData\\Local\\Temp\\rust_mozprofileTGyO5C"
1628146249431	Marionette	INFO	Marionette enabled
console.warn: SearchSettings: "get: No settings file exists, new profile?" (new NotFoundError("Could not open the file at C:\\Users\\DN\\AppData\\Local\\Temp\\rust_mozprofileTGyO5C\\search.json.mozlz4", (void 0)))
1628146254410	Marionette	INFO	Listening on port 50836
1628146254545	Marionette	WARN	TLS certificate errors will be ignored for this session
aug. 05, 2021 8:50:54 DE. org.openqa.selenium.remote.ProtocolHandshake createSession
INFO: Detected dialect: W3C
1628146262967	Marionette	INFO	Stopped listening on port 50836

###!!! [Child][RunMessage] Error: Channel closing: too late to send/recv, messages will be lost

]]></system-err>
</testsuite>
