<?xml version="1.0" encoding="UTF-8"?>
<testsuite name="MWPR_04_LoginSuccess" tests="1" skipped="0" failures="0" errors="0" timestamp="2021-08-11T07:08:35" hostname="VeresLaszlo-PC" time="24.573">
  <properties/>
  <testcase name="successfulLogin()" classname="MWPR_04_LoginSuccess" time="24.573"/>
  <system-out><![CDATA[]]></system-out>
  <system-err><![CDATA[[Test worker] INFO io.github.bonigarcia.wdm.WebDriverManager - Using geckodriver 0.29.0 (resolved driver for Firefox 90)
[Test worker] INFO io.github.bonigarcia.wdm.WebDriverManager - Exporting webdriver.gecko.driver as C:\Users\DN\.cache\selenium\geckodriver\win64\0.29.0\geckodriver.exe
1628665707499	geckodriver	INFO	Listening on 127.0.0.1:23346
1628665707815	mozrunner::runner	INFO	Running command: "C:\\Program Files (x86)\\Mozilla Firefox\\firefox.exe" "--marionette" "-foreground" "-no-remote" "-profile" "C:\\Users\\DN\\AppData\\Local\\Temp\\rust_mozprofileFPjVOI"
1628665709812	Marionette	INFO	Marionette enabled
console.warn: SearchSettings: "get: No settings file exists, new profile?" (new NotFoundError("Could not open the file at C:\\Users\\DN\\AppData\\Local\\Temp\\rust_mozprofileFPjVOI\\search.json.mozlz4", (void 0)))
1628665714777	Marionette	INFO	Listening on port 59649
1628665715358	RemoteAgent	WARN	TLS certificate errors will be ignored for this session
aug. 11, 2021 9:08:35 DE. org.openqa.selenium.remote.ProtocolHandshake createSession
INFO: Detected dialect: W3C
1628665740335	Marionette	INFO	Stopped listening on port 59649
JavaScript error: resource:///modules/Interactions.jsm, line 209: NS_ERROR_FAILURE: Component returned failure code: 0x80004005 (NS_ERROR_FAILURE) [nsIUserIdleService.removeIdleObserver]
[Parent 8988, IPC I/O Parent] WARNING: file /builds/worker/checkouts/gecko/ipc/chromium/src/base/process_util_win.cc:167
]]></system-err>
</testsuite>
