<?xml version="1.0" encoding="UTF-8"?>
<testsuite name="MWPR_08_DataSavingFromCSV" tests="1" skipped="0" failures="0" errors="0" timestamp="2021-08-06T19:11:52" hostname="VeresLaszlo-PC" time="25.05">
  <properties/>
  <testcase name="saveAddress(String, String, String)[1]" classname="MWPR_08_DataSavingFromCSV" time="25.05"/>
  <system-out><![CDATA[]]></system-out>
  <system-err><![CDATA[[Test worker] INFO io.github.bonigarcia.wdm.WebDriverManager - Using geckodriver 0.29.0 (resolved driver for Firefox 90)
[Test worker] INFO io.github.bonigarcia.wdm.WebDriverManager - Exporting webdriver.gecko.driver as C:\Users\DN\.cache\selenium\geckodriver\win64\0.29.0\geckodriver.exe
1628277101195	geckodriver	INFO	Listening on 127.0.0.1:40270
1628277101675	mozrunner::runner	INFO	Running command: "C:\\Program Files (x86)\\Mozilla Firefox\\firefox.exe" "--marionette" "-foreground" "-no-remote" "-profile" "C:\\Users\\DN\\AppData\\Local\\Temp\\rust_mozprofile3993dN"
1628277104032	Marionette	INFO	Marionette enabled
console.warn: SearchSettings: "get: No settings file exists, new profile?" (new NotFoundError("Could not open the file at C:\\Users\\DN\\AppData\\Local\\Temp\\rust_mozprofile3993dN\\search.json.mozlz4", (void 0)))
1628277109126	Marionette	INFO	Listening on port 62601
1628277109579	Marionette	WARN	TLS certificate errors will be ignored for this session
aug. 06, 2021 9:11:49 DU. org.openqa.selenium.remote.ProtocolHandshake createSession
INFO: Detected dialect: W3C
1628277136641	Marionette	INFO	Stopped listening on port 62601
JavaScript error: resource:///modules/FaviconLoader.jsm, line 596: InvalidStateError: JSWindowActorChild.sendAsyncMessage: JSWindowActorChild cannot send at the moment
]]></system-err>
</testsuite>
