<?xml version="1.0" encoding="UTF-8"?>
<testsuite name="MWPR_02_RegFailed" tests="1" skipped="0" failures="0" errors="0" timestamp="2021-08-03T07:10:39" hostname="VeresLaszlo-PC" time="4.229">
  <properties/>
  <testcase name="failedRegistration()" classname="MWPR_02_RegFailed" time="4.229"/>
  <system-out><![CDATA[]]></system-out>
  <system-err><![CDATA[1627974630248	geckodriver	INFO	Listening on 127.0.0.1:3570
1627974630735	mozrunner::runner	INFO	Running command: "C:\\Program Files (x86)\\Mozilla Firefox\\firefox.exe" "--marionette" "-foreground" "-no-remote" "-profile" "C:\\Users\\DN\\AppData\\Local\\Temp\\rust_mozprofile3lDOCG"
1627974631316	Marionette	INFO	Marionette enabled
console.warn: SearchSettings: "get: No settings file exists, new profile?" (new NotFoundError("Could not open the file at C:\\Users\\DN\\AppData\\Local\\Temp\\rust_mozprofile3lDOCG\\search.json.mozlz4", (void 0)))
1627974636929	Marionette	INFO	Listening on port 50150
1627974637056	Marionette	WARN	TLS certificate errors will be ignored for this session
aug. 03, 2021 9:10:37 DE. org.openqa.selenium.remote.ProtocolHandshake createSession
INFO: Detected dialect: W3C
1627974642535	Marionette	INFO	Stopped listening on port 50150
[Parent 7888, IPC I/O Parent] WARNING: file /builds/worker/checkouts/gecko/ipc/chromium/src/base/process_util_win.cc:167

###!!! [Child][RunMessage] Error: Channel closing: too late to send/recv, messages will be lost


###!!! [Child][RunMessage] Error: Channel closing: too late to send/recv, messages will be lost

]]></system-err>
</testsuite>
