<?xml version="1.0" encoding="UTF-8"?>
<testsuite name="MWPR_06_Pagination" tests="1" skipped="0" failures="0" errors="0" timestamp="2021-08-05T06:48:56" hostname="VeresLaszlo-PC" time="4.175">
  <properties/>
  <testcase name="pagination()" classname="MWPR_06_Pagination" time="4.175"/>
  <system-out><![CDATA[]]></system-out>
  <system-err><![CDATA[1628146127625	geckodriver	INFO	Listening on 127.0.0.1:10605
1628146128105	mozrunner::runner	INFO	Running command: "C:\\Program Files (x86)\\Mozilla Firefox\\firefox.exe" "--marionette" "-foreground" "-no-remote" "-profile" "C:\\Users\\DN\\AppData\\Local\\Temp\\rust_mozprofilevZXnLo"
1628146128683	Marionette	INFO	Marionette enabled
console.warn: SearchSettings: "get: No settings file exists, new profile?" (new NotFoundError("Could not open the file at C:\\Users\\DN\\AppData\\Local\\Temp\\rust_mozprofilevZXnLo\\search.json.mozlz4", (void 0)))
1628146133288	Marionette	INFO	Listening on port 50618
1628146133550	Marionette	WARN	TLS certificate errors will be ignored for this session
aug. 05, 2021 8:48:53 DE. org.openqa.selenium.remote.ProtocolHandshake createSession
INFO: Detected dialect: W3C
1628146139275	Marionette	INFO	Stopped listening on port 50618

###!!! [Child][RunMessage] Error: Channel closing: too late to send/recv, messages will be lost


###!!! [Child][RunMessage] Error: Channel closing: too late to send/recv, messages will be lost

[Parent 6368, IPC I/O Parent] WARNING: file /builds/worker/checkouts/gecko/ipc/chromium/src/base/process_util_win.cc:167
]]></system-err>
</testsuite>
