<?xml version="1.0" encoding="UTF-8"?>
<testsuite name="MWPR_06_Pagination" tests="1" skipped="0" failures="0" errors="0" timestamp="2021-08-07T06:25:03" hostname="VeresLaszlo-PC" time="4.34">
  <properties/>
  <testcase name="pagination()" classname="MWPR_06_Pagination" time="4.34"/>
  <system-out><![CDATA[]]></system-out>
  <system-err><![CDATA[[Test worker] INFO io.github.bonigarcia.wdm.WebDriverManager - Using geckodriver 0.29.0 (resolved driver for Firefox 90)
[Test worker] INFO io.github.bonigarcia.wdm.WebDriverManager - Exporting webdriver.gecko.driver as C:\Users\DN\.cache\selenium\geckodriver\win64\0.29.0\geckodriver.exe
1628317493723	geckodriver	INFO	Listening on 127.0.0.1:9572
1628317494271	mozrunner::runner	INFO	Running command: "C:\\Program Files (x86)\\Mozilla Firefox\\firefox.exe" "--marionette" "-foreground" "-no-remote" "-profile" "C:\\Users\\DN\\AppData\\Local\\Temp\\rust_mozprofiley8usNW"
1628317494853	Marionette	INFO	Marionette enabled
console.warn: SearchSettings: "get: No settings file exists, new profile?" (new NotFoundError("Could not open the file at C:\\Users\\DN\\AppData\\Local\\Temp\\rust_mozprofiley8usNW\\search.json.mozlz4", (void 0)))
1628317499910	Marionette	INFO	Listening on port 49798
1628317500382	Marionette	WARN	TLS certificate errors will be ignored for this session
aug. 07, 2021 8:25:00 DE. org.openqa.selenium.remote.ProtocolHandshake createSession
INFO: Detected dialect: W3C

###!!! [Child][MessageChannel] Error: (msgtype=0x3900D6,name=PContent::Msg_ScriptErrorWithStack) Channel closing: too late to send/recv, messages will be lost


###!!! [Child][MessageChannel] Error: (msgtype=0x3900D6,name=PContent::Msg_ScriptErrorWithStack) Channel closing: too late to send/recv, messages will be lost


###!!! [Child][MessageChannel] Error: (msgtype=0x3900D6,name=PContent::Msg_ScriptErrorWithStack) Channel closing: too late to send/recv, messages will be lost

1628317506151	Marionette	INFO	Stopped listening on port 49798
[Parent 3828, IPC I/O Parent] WARNING: file /builds/worker/checkouts/gecko/ipc/chromium/src/base/process_util_win.cc:167
]]></system-err>
</testsuite>
