<?xml version="1.0" encoding="UTF-8"?>
<testsuite name="MWPR_07_DataSaving" tests="1" skipped="0" failures="0" errors="0" timestamp="2021-08-05T06:49:09" hostname="VeresLaszlo-PC" time="28.058">
  <properties/>
  <testcase name="saveProductInCart()" classname="MWPR_07_DataSaving" time="28.058"/>
  <system-out><![CDATA[]]></system-out>
  <system-err><![CDATA[1628146140801	geckodriver	INFO	Listening on 127.0.0.1:36931
1628146141293	mozrunner::runner	INFO	Running command: "C:\\Program Files (x86)\\Mozilla Firefox\\firefox.exe" "--marionette" "-foreground" "-no-remote" "-profile" "C:\\Users\\DN\\AppData\\Local\\Temp\\rust_mozprofilehANlJm"
1628146141884	Marionette	INFO	Marionette enabled
console.warn: SearchSettings: "get: No settings file exists, new profile?" (new NotFoundError("Could not open the file at C:\\Users\\DN\\AppData\\Local\\Temp\\rust_mozprofilehANlJm\\search.json.mozlz4", (void 0)))
1628146146408	Marionette	INFO	Listening on port 50669
1628146146590	Marionette	WARN	TLS certificate errors will be ignored for this session
aug. 05, 2021 8:49:06 DE. org.openqa.selenium.remote.ProtocolHandshake createSession
INFO: Detected dialect: W3C
1628146175996	Marionette	INFO	Stopped listening on port 50669
]]></system-err>
</testsuite>
