<?xml version="1.0" encoding="UTF-8"?>
<testsuite name="MWPR_12_LogOutSuccess" tests="1" skipped="0" failures="0" errors="0" timestamp="2021-08-11T07:11:44" hostname="VeresLaszlo-PC" time="25.271">
  <properties/>
  <testcase name="logOutSuccessful()" classname="MWPR_12_LogOutSuccess" time="25.271"/>
  <system-out><![CDATA[]]></system-out>
  <system-err><![CDATA[[Test worker] INFO io.github.bonigarcia.wdm.WebDriverManager - Reading https://api.github.com/repos/mozilla/geckodriver/releases to seek geckodriver
[Test worker] INFO io.github.bonigarcia.wdm.WebDriverManager - Exporting webdriver.gecko.driver as C:\Users\DN\.cache\selenium\geckodriver\win64\0.29.1\geckodriver.exe
1628665896977	geckodriver	INFO	Listening on 127.0.0.1:47898
1628665897417	mozrunner::runner	INFO	Running command: "C:\\Program Files (x86)\\Mozilla Firefox\\firefox.exe" "--marionette" "-foreground" "-no-remote" "-profile" "C:\\Users\\DN\\AppData\\Local\\Temp\\rust_mozprofilePBXdh5"
1628665898803	Marionette	INFO	Marionette enabled
console.warn: SearchSettings: "get: No settings file exists, new profile?" (new NotFoundError("Could not open the file at C:\\Users\\DN\\AppData\\Local\\Temp\\rust_mozprofilePBXdh5\\search.json.mozlz4", (void 0)))
1628665903719	Marionette	INFO	Listening on port 60115
1628665904041	RemoteAgent	WARN	TLS certificate errors will be ignored for this session
aug. 11, 2021 9:11:44 DE. org.openqa.selenium.remote.ProtocolHandshake createSession
INFO: Detected dialect: W3C
1628665929629	Marionette	INFO	Stopped listening on port 60115
JavaScript error: resource:///modules/Interactions.jsm, line 209: NS_ERROR_FAILURE: Component returned failure code: 0x80004005 (NS_ERROR_FAILURE) [nsIUserIdleService.removeIdleObserver]
[Parent 8504, IPC I/O Parent] WARNING: file /builds/worker/checkouts/gecko/ipc/chromium/src/base/process_util_win.cc:167
]]></system-err>
</testsuite>
