<?xml version="1.0" encoding="UTF-8"?>
<testsuite name="MWPR_08_DataSavingFromCSV" tests="1" skipped="0" failures="0" errors="0" timestamp="2021-08-11T07:10:00" hostname="VeresLaszlo-PC" time="26.345">
  <properties/>
  <testcase name="saveAddress(String, String, String)[1]" classname="MWPR_08_DataSavingFromCSV" time="26.345"/>
  <system-out><![CDATA[]]></system-out>
  <system-err><![CDATA[[Test worker] INFO io.github.bonigarcia.wdm.WebDriverManager - Reading https://api.github.com/repos/mozilla/geckodriver/releases to seek geckodriver
[Test worker] INFO io.github.bonigarcia.wdm.WebDriverManager - Exporting webdriver.gecko.driver as C:\Users\DN\.cache\selenium\geckodriver\win64\0.29.1\geckodriver.exe
1628665792549	geckodriver	INFO	Listening on 127.0.0.1:27901
1628665793011	mozrunner::runner	INFO	Running command: "C:\\Program Files (x86)\\Mozilla Firefox\\firefox.exe" "--marionette" "-foreground" "-no-remote" "-profile" "C:\\Users\\DN\\AppData\\Local\\Temp\\rust_mozprofilemn8OzC"
1628665794208	Marionette	INFO	Marionette enabled
console.warn: SearchSettings: "get: No settings file exists, new profile?" (new NotFoundError("Could not open the file at C:\\Users\\DN\\AppData\\Local\\Temp\\rust_mozprofilemn8OzC\\search.json.mozlz4", (void 0)))
1628665798983	Marionette	INFO	Listening on port 59875
1628665799479	RemoteAgent	WARN	TLS certificate errors will be ignored for this session
aug. 11, 2021 9:09:59 DE. org.openqa.selenium.remote.ProtocolHandshake createSession
INFO: Detected dialect: W3C
1628665827126	Marionette	INFO	Stopped listening on port 59875
JavaScript error: resource:///modules/Interactions.jsm, line 209: NS_ERROR_FAILURE: Component returned failure code: 0x80004005 (NS_ERROR_FAILURE) [nsIUserIdleService.removeIdleObserver]

###!!! [Parent][RunMessage] Error: Channel closing: too late to send/recv, messages will be lost

]]></system-err>
</testsuite>
