<?xml version="1.0" encoding="UTF-8"?>
<testsuite name="MWPR_06_Pagination" tests="1" skipped="0" failures="0" errors="0" timestamp="2021-07-29T14:13:28" hostname="VeresLaszlo-PC" time="4.001">
  <properties/>
  <testcase name="pagination()" classname="MWPR_06_Pagination" time="4.001"/>
  <system-out><![CDATA[]]></system-out>
  <system-err><![CDATA[1627568000124	geckodriver	INFO	Listening on 127.0.0.1:39104
1627568000604	mozrunner::runner	INFO	Running command: "C:\\Program Files (x86)\\Mozilla Firefox\\firefox.exe" "--marionette" "-foreground" "-no-remote" "-profile" "C:\\Users\\DN\\AppData\\Local\\Temp\\rust_mozprofileQGXyvR"
1627568001187	Marionette	INFO	Marionette enabled
console.warn: SearchSettings: "get: No settings file exists, new profile?" (new NotFoundError("Could not open the file at C:\\Users\\DN\\AppData\\Local\\Temp\\rust_mozprofileQGXyvR\\search.json.mozlz4", (void 0)))
1627568005906	Marionette	INFO	Listening on port 54763
1627568006364	Marionette	WARN	TLS certificate errors will be ignored for this session
jÃºl. 29, 2021 4:13:26 DU. org.openqa.selenium.remote.ProtocolHandshake createSession
INFO: Detected dialect: W3C
1627568011307	Marionette	INFO	Stopped listening on port 54763
]]></system-err>
</testsuite>
