<?xml version="1.0" encoding="UTF-8"?>
<testsuite name="MWPR_06_Pagination" tests="1" skipped="0" failures="0" errors="0" timestamp="2021-08-06T19:10:58" hostname="VeresLaszlo-PC" time="4.547">
  <properties/>
  <testcase name="pagination()" classname="MWPR_06_Pagination" time="4.547"/>
  <system-out><![CDATA[]]></system-out>
  <system-err><![CDATA[[Test worker] INFO io.github.bonigarcia.wdm.WebDriverManager - Using geckodriver 0.29.0 (resolved driver for Firefox 90)
[Test worker] INFO io.github.bonigarcia.wdm.WebDriverManager - Exporting webdriver.gecko.driver as C:\Users\DN\.cache\selenium\geckodriver\win64\0.29.0\geckodriver.exe
1628277048422	geckodriver	INFO	Listening on 127.0.0.1:45835
1628277048912	mozrunner::runner	INFO	Running command: "C:\\Program Files (x86)\\Mozilla Firefox\\firefox.exe" "--marionette" "-foreground" "-no-remote" "-profile" "C:\\Users\\DN\\AppData\\Local\\Temp\\rust_mozprofile9J5vzc"
1628277050772	Marionette	INFO	Marionette enabled
console.warn: SearchSettings: "get: No settings file exists, new profile?" (new NotFoundError("Could not open the file at C:\\Users\\DN\\AppData\\Local\\Temp\\rust_mozprofile9J5vzc\\search.json.mozlz4", (void 0)))
1628277055444	Marionette	INFO	Listening on port 62493
1628277055725	Marionette	WARN	TLS certificate errors will be ignored for this session
aug. 06, 2021 9:10:55 DU. org.openqa.selenium.remote.ProtocolHandshake createSession
INFO: Detected dialect: W3C
1628277061489	Marionette	INFO	Stopped listening on port 62493

###!!! [Child][RunMessage] Error: Channel closing: too late to send/recv, messages will be lost


###!!! [Child][RunMessage] Error: Channel closing: too late to send/recv, messages will be lost

[Parent 6496, IPC I/O Parent] WARNING: file /builds/worker/checkouts/gecko/ipc/chromium/src/base/process_util_win.cc:167
]]></system-err>
</testsuite>
