<?xml version="1.0" encoding="UTF-8"?>
<testsuite name="MWPR_01_RegSuccess" tests="1" skipped="0" failures="0" errors="0" timestamp="2021-08-07T06:23:37" hostname="VeresLaszlo-PC" time="5.606">
  <properties/>
  <testcase name="successfulRegistration()" classname="MWPR_01_RegSuccess" time="5.606"/>
  <system-out><![CDATA[]]></system-out>
  <system-err><![CDATA[[Test worker] INFO io.github.bonigarcia.wdm.WebDriverManager - Using geckodriver 0.29.0 (resolved driver for Firefox 90)
[Test worker] INFO io.github.bonigarcia.wdm.WebDriverManager - Exporting webdriver.gecko.driver as C:\Users\DN\.cache\selenium\geckodriver\win64\0.29.0\geckodriver.exe
1628317403420	geckodriver	INFO	Listening on 127.0.0.1:3232
1628317405240	mozrunner::runner	INFO	Running command: "C:\\Program Files (x86)\\Mozilla Firefox\\firefox.exe" "--marionette" "-foreground" "-no-remote" "-profile" "C:\\Users\\DN\\AppData\\Local\\Temp\\rust_mozprofileIkOISx"
1628317406570	Marionette	INFO	Marionette enabled
console.warn: SearchSettings: "get: No settings file exists, new profile?" (new NotFoundError("Could not open the file at C:\\Users\\DN\\AppData\\Local\\Temp\\rust_mozprofileIkOISx\\search.json.mozlz4", (void 0)))
1628317413487	Marionette	INFO	Listening on port 49545
1628317414051	Marionette	WARN	TLS certificate errors will be ignored for this session
aug. 07, 2021 8:23:34 DE. org.openqa.selenium.remote.ProtocolHandshake createSession
INFO: Detected dialect: W3C
1628317421352	Marionette	INFO	Stopped listening on port 49545

###!!! [Child][MessageChannel] Error: (msgtype=0x590008,name=PHttpChannel::Msg_DeletingChannel) Channel closing: too late to send/recv, messages will be lost

]]></system-err>
</testsuite>
