<?xml version="1.0" encoding="UTF-8"?>
<testsuite name="MWPR_10_DataDelete" tests="1" skipped="0" failures="0" errors="0" timestamp="2021-08-07T06:27:02" hostname="VeresLaszlo-PC" time="6.929">
  <properties/>
  <testcase name="deleteProductFromCart()" classname="MWPR_10_DataDelete" time="6.929"/>
  <system-out><![CDATA[]]></system-out>
  <system-err><![CDATA[[Test worker] INFO io.github.bonigarcia.wdm.WebDriverManager - Using geckodriver 0.29.0 (resolved driver for Firefox 90)
[Test worker] INFO io.github.bonigarcia.wdm.WebDriverManager - Exporting webdriver.gecko.driver as C:\Users\DN\.cache\selenium\geckodriver\win64\0.29.0\geckodriver.exe
1628317613768	geckodriver	INFO	Listening on 127.0.0.1:46769
1628317614235	mozrunner::runner	INFO	Running command: "C:\\Program Files (x86)\\Mozilla Firefox\\firefox.exe" "--marionette" "-foreground" "-no-remote" "-profile" "C:\\Users\\DN\\AppData\\Local\\Temp\\rust_mozprofiletPG5yl"
1628317614802	Marionette	INFO	Marionette enabled
console.warn: SearchSettings: "get: No settings file exists, new profile?" (new NotFoundError("Could not open the file at C:\\Users\\DN\\AppData\\Local\\Temp\\rust_mozprofiletPG5yl\\search.json.mozlz4", (void 0)))
1628317619435	Marionette	INFO	Listening on port 50021
1628317619805	Marionette	WARN	TLS certificate errors will be ignored for this session
aug. 07, 2021 8:26:59 DE. org.openqa.selenium.remote.ProtocolHandshake createSession
INFO: Detected dialect: W3C
1628317627841	Marionette	INFO	Stopped listening on port 50021

###!!! [Child][RunMessage] Error: Channel closing: too late to send/recv, messages will be lost

]]></system-err>
</testsuite>
