<?xml version="1.0" encoding="UTF-8"?>
<testsuite name="MWPR_10_DataDelete" tests="1" skipped="0" failures="0" errors="0" timestamp="2021-08-03T07:14:24" hostname="VeresLaszlo-PC" time="6.994">
  <properties/>
  <testcase name="deleteProductFromCart()" classname="MWPR_10_DataDelete" time="6.994"/>
  <system-out><![CDATA[]]></system-out>
  <system-err><![CDATA[1627974854139	geckodriver	INFO	Listening on 127.0.0.1:32094
1627974854617	mozrunner::runner	INFO	Running command: "C:\\Program Files (x86)\\Mozilla Firefox\\firefox.exe" "--marionette" "-foreground" "-no-remote" "-profile" "C:\\Users\\DN\\AppData\\Local\\Temp\\rust_mozprofileaYz8xy"
1627974855268	Marionette	INFO	Marionette enabled
console.warn: SearchSettings: "get: No settings file exists, new profile?" (new NotFoundError("Could not open the file at C:\\Users\\DN\\AppData\\Local\\Temp\\rust_mozprofileaYz8xy\\search.json.mozlz4", (void 0)))
1627974860993	Marionette	INFO	Listening on port 50583
1627974861081	Marionette	WARN	TLS certificate errors will be ignored for this session
aug. 03, 2021 9:14:21 DE. org.openqa.selenium.remote.ProtocolHandshake createSession
INFO: Detected dialect: W3C
1627974869686	Marionette	INFO	Stopped listening on port 50583

###!!! [Child][RunMessage] Error: Channel closing: too late to send/recv, messages will be lost

]]></system-err>
</testsuite>
