<?xml version="1.0" encoding="UTF-8"?>
<testsuite name="MWPR_02_RegFailed" tests="1" skipped="0" failures="0" errors="0" timestamp="2021-08-11T07:08:06" hostname="VeresLaszlo-PC" time="4.877">
  <properties/>
  <testcase name="failedRegistration()" classname="MWPR_02_RegFailed" time="4.877"/>
  <system-out><![CDATA[]]></system-out>
  <system-err><![CDATA[[Test worker] INFO io.github.bonigarcia.wdm.WebDriverManager - Using geckodriver 0.29.0 (resolved driver for Firefox 90)
[Test worker] INFO io.github.bonigarcia.wdm.WebDriverManager - Exporting webdriver.gecko.driver as C:\Users\DN\.cache\selenium\geckodriver\win64\0.29.0\geckodriver.exe
1628665679195	geckodriver	INFO	Listening on 127.0.0.1:43778
1628665679654	mozrunner::runner	INFO	Running command: "C:\\Program Files (x86)\\Mozilla Firefox\\firefox.exe" "--marionette" "-foreground" "-no-remote" "-profile" "C:\\Users\\DN\\AppData\\Local\\Temp\\rust_mozprofileKO5ZD7"
1628665682022	Marionette	INFO	Marionette enabled
console.warn: SearchSettings: "get: No settings file exists, new profile?" (new NotFoundError("Could not open the file at C:\\Users\\DN\\AppData\\Local\\Temp\\rust_mozprofileKO5ZD7\\search.json.mozlz4", (void 0)))
1628665686284	Marionette	INFO	Listening on port 59539
1628665686474	RemoteAgent	WARN	TLS certificate errors will be ignored for this session
aug. 11, 2021 9:08:06 DE. org.openqa.selenium.remote.ProtocolHandshake createSession
INFO: Detected dialect: W3C
1628665691773	Marionette	INFO	Stopped listening on port 59539
JavaScript error: resource:///modules/Interactions.jsm, line 209: NS_ERROR_FAILURE: Component returned failure code: 0x80004005 (NS_ERROR_FAILURE) [nsIUserIdleService.removeIdleObserver]
]]></system-err>
</testsuite>
