<?xml version="1.0" encoding="UTF-8"?>
<testsuite name="MWPR_03_Loginfailed" tests="1" skipped="0" failures="0" errors="0" timestamp="2021-08-05T06:47:57" hostname="VeresLaszlo-PC" time="3.227">
  <properties/>
  <testcase name="failedLogin()" classname="MWPR_03_Loginfailed" time="3.227"/>
  <system-out><![CDATA[]]></system-out>
  <system-err><![CDATA[1628146068345	geckodriver	INFO	Listening on 127.0.0.1:8295
1628146068799	mozrunner::runner	INFO	Running command: "C:\\Program Files (x86)\\Mozilla Firefox\\firefox.exe" "--marionette" "-foreground" "-no-remote" "-profile" "C:\\Users\\DN\\AppData\\Local\\Temp\\rust_mozprofilepEmEMg"
1628146069385	Marionette	INFO	Marionette enabled
console.warn: SearchSettings: "get: No settings file exists, new profile?" (new NotFoundError("Could not open the file at C:\\Users\\DN\\AppData\\Local\\Temp\\rust_mozprofilepEmEMg\\search.json.mozlz4", (void 0)))
1628146074414	Marionette	INFO	Listening on port 50466
1628146074524	Marionette	WARN	TLS certificate errors will be ignored for this session
aug. 05, 2021 8:47:54 DE. org.openqa.selenium.remote.ProtocolHandshake createSession
INFO: Detected dialect: W3C
1628146078966	Marionette	INFO	Stopped listening on port 50466
]]></system-err>
</testsuite>
