<?xml version="1.0" encoding="UTF-8"?>
<testsuite name="MWPR_03_LoginFailed" tests="1" skipped="0" failures="0" errors="0" timestamp="2021-08-07T06:24:05" hostname="VeresLaszlo-PC" time="3.063">
  <properties/>
  <testcase name="failedLogin()" classname="MWPR_03_LoginFailed" time="3.063"/>
  <system-out><![CDATA[]]></system-out>
  <system-err><![CDATA[[Test worker] INFO io.github.bonigarcia.wdm.WebDriverManager - Using geckodriver 0.29.0 (resolved driver for Firefox 90)
[Test worker] INFO io.github.bonigarcia.wdm.WebDriverManager - Exporting webdriver.gecko.driver as C:\Users\DN\.cache\selenium\geckodriver\win64\0.29.0\geckodriver.exe
1628317436072	geckodriver	INFO	Listening on 127.0.0.1:45747
1628317436545	mozrunner::runner	INFO	Running command: "C:\\Program Files (x86)\\Mozilla Firefox\\firefox.exe" "--marionette" "-foreground" "-no-remote" "-profile" "C:\\Users\\DN\\AppData\\Local\\Temp\\rust_mozprofile433hxB"
1628317437144	Marionette	INFO	Marionette enabled
console.warn: SearchSettings: "get: No settings file exists, new profile?" (new NotFoundError("Could not open the file at C:\\Users\\DN\\AppData\\Local\\Temp\\rust_mozprofile433hxB\\search.json.mozlz4", (void 0)))
1628317441718	Marionette	INFO	Listening on port 49647
1628317442277	Marionette	WARN	TLS certificate errors will be ignored for this session
aug. 07, 2021 8:24:02 DE. org.openqa.selenium.remote.ProtocolHandshake createSession
INFO: Detected dialect: W3C
1628317446963	Marionette	INFO	Stopped listening on port 49647
JavaScript error: resource:///modules/FaviconLoader.jsm, line 596: InvalidStateError: JSWindowActorChild.sendAsyncMessage: JSWindowActorChild cannot send at the moment
JavaScript error: resource://gre/modules/UrlClassifierListManager.jsm, line 691: TypeError: this.tablesData[table] is undefined

###!!! [Child][RunMessage] Error: Channel closing: too late to send/recv, messages will be lost

]]></system-err>
</testsuite>
