<?xml version="1.0" encoding="UTF-8"?>
<testsuite name="MWPR_05_DataListing" tests="1" skipped="0" failures="0" errors="0" timestamp="2021-08-05T06:48:42" hostname="VeresLaszlo-PC" time="5.363">
  <properties/>
  <testcase name="listingAccessoriesFromLowToHighPrice()" classname="MWPR_05_DataListing" time="5.363"/>
  <system-out><![CDATA[]]></system-out>
  <system-err><![CDATA[1628146113049	geckodriver	INFO	Listening on 127.0.0.1:48779
1628146113512	mozrunner::runner	INFO	Running command: "C:\\Program Files (x86)\\Mozilla Firefox\\firefox.exe" "--marionette" "-foreground" "-no-remote" "-profile" "C:\\Users\\DN\\AppData\\Local\\Temp\\rust_mozprofileelVo2q"
1628146114078	Marionette	INFO	Marionette enabled
console.warn: SearchSettings: "get: No settings file exists, new profile?" (new NotFoundError("Could not open the file at C:\\Users\\DN\\AppData\\Local\\Temp\\rust_mozprofileelVo2q\\search.json.mozlz4", (void 0)))
1628146118837	Marionette	INFO	Listening on port 50568
1628146119252	Marionette	WARN	TLS certificate errors will be ignored for this session
aug. 05, 2021 8:48:39 DE. org.openqa.selenium.remote.ProtocolHandshake createSession
INFO: Detected dialect: W3C
1628146125794	Marionette	INFO	Stopped listening on port 50568
[Parent 7512, IPC I/O Parent] WARNING: file /builds/worker/checkouts/gecko/ipc/chromium/src/base/process_util_win.cc:167

###!!! [Child][RunMessage] Error: Channel closing: too late to send/recv, messages will be lost

]]></system-err>
</testsuite>
