<?xml version="1.0" encoding="UTF-8"?>
<testsuite name="MWPR_09_DataChange" tests="1" skipped="0" failures="0" errors="0" timestamp="2021-08-11T07:10:35" hostname="VeresLaszlo-PC" time="27.414">
  <properties/>
  <testcase name="changingLastName()" classname="MWPR_09_DataChange" time="27.414"/>
  <system-out><![CDATA[]]></system-out>
  <system-err><![CDATA[[Test worker] INFO io.github.bonigarcia.wdm.WebDriverManager - Reading https://api.github.com/repos/mozilla/geckodriver/releases to seek geckodriver
[Test worker] INFO io.github.bonigarcia.wdm.WebDriverManager - Exporting webdriver.gecko.driver as C:\Users\DN\.cache\selenium\geckodriver\win64\0.29.1\geckodriver.exe
1628665828976	geckodriver	INFO	Listening on 127.0.0.1:5424
1628665829443	mozrunner::runner	INFO	Running command: "C:\\Program Files (x86)\\Mozilla Firefox\\firefox.exe" "--marionette" "-foreground" "-no-remote" "-profile" "C:\\Users\\DN\\AppData\\Local\\Temp\\rust_mozprofilealQUln"
1628665830366	Marionette	INFO	Marionette enabled
console.warn: SearchSettings: "get: No settings file exists, new profile?" (new NotFoundError("Could not open the file at C:\\Users\\DN\\AppData\\Local\\Temp\\rust_mozprofilealQUln\\search.json.mozlz4", (void 0)))
1628665834908	Marionette	INFO	Listening on port 59938
1628665835160	RemoteAgent	WARN	TLS certificate errors will be ignored for this session
aug. 11, 2021 9:10:35 DE. org.openqa.selenium.remote.ProtocolHandshake createSession
INFO: Detected dialect: W3C
1628665862937	Marionette	INFO	Stopped listening on port 59938
JavaScript error: resource:///modules/Interactions.jsm, line 209: NS_ERROR_FAILURE: Component returned failure code: 0x80004005 (NS_ERROR_FAILURE) [nsIUserIdleService.removeIdleObserver]

###!!! [Parent][RunMessage] Error: Channel closing: too late to send/recv, messages will be lost

]]></system-err>
</testsuite>
