<?xml version="1.0" encoding="UTF-8"?>
<testsuite name="MWPR_01_RegSuccess" tests="1" skipped="0" failures="0" errors="0" timestamp="2021-08-06T19:09:24" hostname="VeresLaszlo-PC" time="5.556">
  <properties/>
  <testcase name="successfulRegistration()" classname="MWPR_01_RegSuccess" time="5.556"/>
  <system-out><![CDATA[]]></system-out>
  <system-err><![CDATA[[Test worker] INFO io.github.bonigarcia.wdm.WebDriverManager - Using geckodriver 0.29.0 (resolved driver for Firefox 90)
[Test worker] INFO io.github.bonigarcia.wdm.WebDriverManager - Exporting webdriver.gecko.driver as C:\Users\DN\.cache\selenium\geckodriver\win64\0.29.0\geckodriver.exe
1628276952983	geckodriver	INFO	Listening on 127.0.0.1:2515
1628276954132	mozrunner::runner	INFO	Running command: "C:\\Program Files (x86)\\Mozilla Firefox\\firefox.exe" "--marionette" "-foreground" "-no-remote" "-profile" "C:\\Users\\DN\\AppData\\Local\\Temp\\rust_mozprofile9O1tjL"
1628276954946	Marionette	INFO	Marionette enabled
console.warn: SearchSettings: "get: No settings file exists, new profile?" (new NotFoundError("Could not open the file at C:\\Users\\DN\\AppData\\Local\\Temp\\rust_mozprofile9O1tjL\\search.json.mozlz4", (void 0)))
1628276959668	Marionette	INFO	Listening on port 62235
1628276960017	Marionette	WARN	TLS certificate errors will be ignored for this session
aug. 06, 2021 9:09:21 DU. org.openqa.selenium.remote.ProtocolHandshake createSession
INFO: Detected dialect: W3C
1628276968660	Marionette	INFO	Stopped listening on port 62235

###!!! [Child][RunMessage] Error: Channel closing: too late to send/recv, messages will be lost

]]></system-err>
</testsuite>
