<?xml version="1.0" encoding="UTF-8"?>
<testsuite name="MWPR_10_DataDelete" tests="1" skipped="0" failures="0" errors="0" timestamp="2021-07-29T14:14:28" hostname="VeresLaszlo-PC" time="7.106">
  <properties/>
  <testcase name="deleteProductFromCart()" classname="MWPR_10_DataDelete" time="7.106"/>
  <system-out><![CDATA[]]></system-out>
  <system-err><![CDATA[1627568059172	geckodriver	INFO	Listening on 127.0.0.1:30785
1627568059563	mozrunner::runner	INFO	Running command: "C:\\Program Files (x86)\\Mozilla Firefox\\firefox.exe" "--marionette" "-foreground" "-no-remote" "-profile" "C:\\Users\\DN\\AppData\\Local\\Temp\\rust_mozprofileoCyW4Z"
1627568060160	Marionette	INFO	Marionette enabled
console.warn: SearchSettings: "get: No settings file exists, new profile?" (new NotFoundError("Could not open the file at C:\\Users\\DN\\AppData\\Local\\Temp\\rust_mozprofileoCyW4Z\\search.json.mozlz4", (void 0)))
1627568065054	Marionette	INFO	Listening on port 54972
1627568065139	Marionette	WARN	TLS certificate errors will be ignored for this session
jÃºl. 29, 2021 4:14:25 DU. org.openqa.selenium.remote.ProtocolHandshake createSession
INFO: Detected dialect: W3C
1627568074188	Marionette	INFO	Stopped listening on port 54972
[Child 7600, IPC I/O Child] WARNING: pipe error: 232: file /builds/worker/checkouts/gecko/ipc/chromium/src/chrome/common/ipc_channel_win.cc:544
]]></system-err>
</testsuite>
