<?xml version="1.0" encoding="UTF-8"?>
<testsuite name="MWPR_07_DataSaving" tests="1" skipped="0" failures="0" errors="0" timestamp="2021-08-06T19:11:13" hostname="VeresLaszlo-PC" time="27.215">
  <properties/>
  <testcase name="saveProductInCart()" classname="MWPR_07_DataSaving" time="27.215"/>
  <system-out><![CDATA[]]></system-out>
  <system-err><![CDATA[[Test worker] INFO io.github.bonigarcia.wdm.WebDriverManager - Using geckodriver 0.29.0 (resolved driver for Firefox 90)
[Test worker] INFO io.github.bonigarcia.wdm.WebDriverManager - Exporting webdriver.gecko.driver as C:\Users\DN\.cache\selenium\geckodriver\win64\0.29.0\geckodriver.exe
1628277063187	geckodriver	INFO	Listening on 127.0.0.1:32778
1628277063687	mozrunner::runner	INFO	Running command: "C:\\Program Files (x86)\\Mozilla Firefox\\firefox.exe" "--marionette" "-foreground" "-no-remote" "-profile" "C:\\Users\\DN\\AppData\\Local\\Temp\\rust_mozprofilebH1KnX"
1628277065867	Marionette	INFO	Marionette enabled
console.warn: SearchSettings: "get: No settings file exists, new profile?" (new NotFoundError("Could not open the file at C:\\Users\\DN\\AppData\\Local\\Temp\\rust_mozprofilebH1KnX\\search.json.mozlz4", (void 0)))
1628277070548	Marionette	INFO	Listening on port 62542
1628277071068	Marionette	WARN	TLS certificate errors will be ignored for this session
aug. 06, 2021 9:11:11 DU. org.openqa.selenium.remote.ProtocolHandshake createSession
INFO: Detected dialect: W3C
1628277099722	Marionette	INFO	Stopped listening on port 62542

###!!! [Child][MessageChannel] Error: (msgtype=0x590007,name=PHttpChannel::Msg_RemoveCorsPreflightCacheEntry) Channel closing: too late to send/recv, messages will be lost


###!!! [Child][MessageChannel] Error: (msgtype=0x590008,name=PHttpChannel::Msg_DeletingChannel) Channel closing: too late to send/recv, messages will be lost


###!!! [Child][RunMessage] Error: Channel closing: too late to send/recv, messages will be lost

]]></system-err>
</testsuite>
