<?xml version="1.0" encoding="UTF-8"?>
<testsuite name="MWPR_07_DataSaving" tests="1" skipped="0" failures="0" errors="0" timestamp="2021-08-11T07:09:43" hostname="VeresLaszlo-PC" time="6.577">
  <properties/>
  <testcase name="saveProductInCart()" classname="MWPR_07_DataSaving" time="6.577"/>
  <system-out><![CDATA[]]></system-out>
  <system-err><![CDATA[[Test worker] INFO io.github.bonigarcia.wdm.WebDriverManager - Reading https://api.github.com/repos/mozilla/geckodriver/releases to seek geckodriver
[Test worker] INFO io.github.bonigarcia.wdm.WebDriverManager - Exporting webdriver.gecko.driver as C:\Users\DN\.cache\selenium\geckodriver\win64\0.29.1\geckodriver.exe
1628665777475	geckodriver	INFO	Listening on 127.0.0.1:6895
1628665777929	mozrunner::runner	INFO	Running command: "C:\\Program Files (x86)\\Mozilla Firefox\\firefox.exe" "--marionette" "-foreground" "-no-remote" "-profile" "C:\\Users\\DN\\AppData\\Local\\Temp\\rust_mozprofiletPYfZh"
1628665778881	Marionette	INFO	Marionette enabled
console.warn: SearchSettings: "get: No settings file exists, new profile?" (new NotFoundError("Could not open the file at C:\\Users\\DN\\AppData\\Local\\Temp\\rust_mozprofiletPYfZh\\search.json.mozlz4", (void 0)))
1628665783485	Marionette	INFO	Listening on port 59819
1628665783530	RemoteAgent	WARN	TLS certificate errors will be ignored for this session
aug. 11, 2021 9:09:43 DE. org.openqa.selenium.remote.ProtocolHandshake createSession
INFO: Detected dialect: W3C
1628665790556	Marionette	INFO	Stopped listening on port 59819
JavaScript error: resource:///modules/Interactions.jsm, line 209: NS_ERROR_FAILURE: Component returned failure code: 0x80004005 (NS_ERROR_FAILURE) [nsIUserIdleService.removeIdleObserver]
]]></system-err>
</testsuite>
