<?xml version="1.0" encoding="UTF-8"?>
<testsuite name="MWPR_01_RegSuccess" tests="1" skipped="0" failures="0" errors="0" timestamp="2021-08-05T06:47:28" hostname="VeresLaszlo-PC" time="5.678">
  <properties/>
  <testcase name="successfulRegistration()" classname="MWPR_01_RegSuccess" time="5.678"/>
  <system-out><![CDATA[]]></system-out>
  <system-err><![CDATA[1628146033301	geckodriver	INFO	Listening on 127.0.0.1:2553
1628146034771	mozrunner::runner	INFO	Running command: "C:\\Program Files (x86)\\Mozilla Firefox\\firefox.exe" "--marionette" "-foreground" "-no-remote" "-profile" "C:\\Users\\DN\\AppData\\Local\\Temp\\rust_mozprofileRhnl7c"
1628146035961	Marionette	INFO	Marionette enabled
console.warn: SearchSettings: "get: No settings file exists, new profile?" (new NotFoundError("Could not open the file at C:\\Users\\DN\\AppData\\Local\\Temp\\rust_mozprofileRhnl7c\\search.json.mozlz4", (void 0)))
1628146044961	Marionette	INFO	Listening on port 50357
1628146045415	Marionette	WARN	TLS certificate errors will be ignored for this session
aug. 05, 2021 8:47:25 DE. org.openqa.selenium.remote.ProtocolHandshake createSession
INFO: Detected dialect: W3C
1628146052355	Marionette	INFO	Stopped listening on port 50357
]]></system-err>
</testsuite>
