<?xml version="1.0" encoding="UTF-8"?>
<testsuite name="MWPR_02_RegFailed" tests="1" skipped="0" failures="0" errors="0" timestamp="2021-08-06T19:09:41" hostname="VeresLaszlo-PC" time="4.228">
  <properties/>
  <testcase name="failedRegistration()" classname="MWPR_02_RegFailed" time="4.228"/>
  <system-out><![CDATA[]]></system-out>
  <system-err><![CDATA[[Test worker] INFO io.github.bonigarcia.wdm.WebDriverManager - Using geckodriver 0.29.0 (resolved driver for Firefox 90)
[Test worker] INFO io.github.bonigarcia.wdm.WebDriverManager - Exporting webdriver.gecko.driver as C:\Users\DN\.cache\selenium\geckodriver\win64\0.29.0\geckodriver.exe
1628276970908	geckodriver	INFO	Listening on 127.0.0.1:14814
1628276971367	mozrunner::runner	INFO	Running command: "C:\\Program Files (x86)\\Mozilla Firefox\\firefox.exe" "--marionette" "-foreground" "-no-remote" "-profile" "C:\\Users\\DN\\AppData\\Local\\Temp\\rust_mozprofilekoR14E"
1628276973587	Marionette	INFO	Marionette enabled
console.warn: SearchSettings: "get: No settings file exists, new profile?" (new NotFoundError("Could not open the file at C:\\Users\\DN\\AppData\\Local\\Temp\\rust_mozprofilekoR14E\\search.json.mozlz4", (void 0)))
1628276978179	Marionette	INFO	Listening on port 62284
1628276978434	Marionette	WARN	TLS certificate errors will be ignored for this session
aug. 06, 2021 9:09:38 DU. org.openqa.selenium.remote.ProtocolHandshake createSession
INFO: Detected dialect: W3C
1628276984104	Marionette	INFO	Stopped listening on port 62284
[Parent 2136, IPC I/O Parent] WARNING: file /builds/worker/checkouts/gecko/ipc/chromium/src/base/process_util_win.cc:167
[Parent 2136, IPC I/O Parent] WARNING: file /builds/worker/checkouts/gecko/ipc/chromium/src/base/process_util_win.cc:167

###!!! [Child][RunMessage] Error: Channel closing: too late to send/recv, messages will be lost

]]></system-err>
</testsuite>
