<?xml version="1.0" encoding="UTF-8"?>
<testsuite name="MWPR_06_Pagination" tests="1" skipped="0" failures="0" errors="0" timestamp="2021-08-11T07:09:30" hostname="VeresLaszlo-PC" time="5.194">
  <properties/>
  <testcase name="pagination()" classname="MWPR_06_Pagination" time="5.194"/>
  <system-out><![CDATA[]]></system-out>
  <system-err><![CDATA[[Test worker] INFO io.github.bonigarcia.wdm.WebDriverManager - Reading https://api.github.com/repos/mozilla/geckodriver/releases to seek geckodriver
[Test worker] INFO io.github.bonigarcia.wdm.WebDriverManager - Exporting webdriver.gecko.driver as C:\Users\DN\.cache\selenium\geckodriver\win64\0.29.1\geckodriver.exe
1628665762170	geckodriver	INFO	Listening on 127.0.0.1:19415
1628665762638	mozrunner::runner	INFO	Running command: "C:\\Program Files (x86)\\Mozilla Firefox\\firefox.exe" "--marionette" "-foreground" "-no-remote" "-profile" "C:\\Users\\DN\\AppData\\Local\\Temp\\rust_mozprofileag1AMN"
1628665763777	Marionette	INFO	Marionette enabled
console.warn: SearchSettings: "get: No settings file exists, new profile?" (new NotFoundError("Could not open the file at C:\\Users\\DN\\AppData\\Local\\Temp\\rust_mozprofileag1AMN\\search.json.mozlz4", (void 0)))
1628665769016	Marionette	INFO	Listening on port 59764
1628665769373	RemoteAgent	WARN	TLS certificate errors will be ignored for this session
aug. 11, 2021 9:09:29 DE. org.openqa.selenium.remote.ProtocolHandshake createSession
INFO: Detected dialect: W3C
1628665775207	Marionette	INFO	Stopped listening on port 59764
JavaScript error: resource:///modules/Interactions.jsm, line 209: NS_ERROR_FAILURE: Component returned failure code: 0x80004005 (NS_ERROR_FAILURE) [nsIUserIdleService.removeIdleObserver]
[Parent 8844, IPC I/O Parent] WARNING: file /builds/worker/checkouts/gecko/ipc/chromium/src/base/process_util_win.cc:167

###!!! [Parent][RunMessage] Error: Channel closing: too late to send/recv, messages will be lost

]]></system-err>
</testsuite>
