<?xml version="1.0" encoding="UTF-8"?>
<testsuite name="MWPR_01_RegSuccess" tests="1" skipped="0" failures="0" errors="0" timestamp="2021-08-11T07:07:50" hostname="VeresLaszlo-PC" time="7.145">
  <properties/>
  <testcase name="successfulRegistration()" classname="MWPR_01_RegSuccess" time="7.145"/>
  <system-out><![CDATA[]]></system-out>
  <system-err><![CDATA[[Test worker] INFO io.github.bonigarcia.wdm.WebDriverManager - Using geckodriver 0.29.0 (resolved driver for Firefox 90)
[Test worker] INFO io.github.bonigarcia.wdm.WebDriverManager - Exporting webdriver.gecko.driver as C:\Users\DN\.cache\selenium\geckodriver\win64\0.29.0\geckodriver.exe
1628665659005	geckodriver	INFO	Listening on 127.0.0.1:9591
1628665660184	mozrunner::runner	INFO	Running command: "C:\\Program Files (x86)\\Mozilla Firefox\\firefox.exe" "--marionette" "-foreground" "-no-remote" "-profile" "C:\\Users\\DN\\AppData\\Local\\Temp\\rust_mozprofileiO5c32"
1628665662360	Marionette	INFO	Marionette enabled
console.warn: SearchSettings: "get: No settings file exists, new profile?" (new NotFoundError("Could not open the file at C:\\Users\\DN\\AppData\\Local\\Temp\\rust_mozprofileiO5c32\\search.json.mozlz4", (void 0)))
1628665667118	Marionette	INFO	Listening on port 59488
1628665667533	RemoteAgent	WARN	TLS certificate errors will be ignored for this session
aug. 11, 2021 9:07:47 DE. org.openqa.selenium.remote.ProtocolHandshake createSession
INFO: Detected dialect: W3C
1628665677251	Marionette	INFO	Stopped listening on port 59488
JavaScript error: resource:///modules/Interactions.jsm, line 209: NS_ERROR_FAILURE: Component returned failure code: 0x80004005 (NS_ERROR_FAILURE) [nsIUserIdleService.removeIdleObserver]
JavaScript error: resource:///actors/ContentMetaChild.jsm, line 179: InvalidStateError: JSWindowActorChild.sendAsyncMessage: JSWindowActorChild cannot send at the moment

###!!! [Child][RunMessage] Error: Channel closing: too late to send/recv, messages will be lost

]]></system-err>
</testsuite>
