<?xml version="1.0" encoding="UTF-8"?>
<testsuite name="MWPR_02_RegFailed" tests="1" skipped="0" failures="0" errors="0" timestamp="2021-08-06T18:50:55" hostname="VeresLaszlo-PC" time="4.725">
  <properties/>
  <testcase name="failedRegistration()" classname="MWPR_02_RegFailed" time="4.725"/>
  <system-out><![CDATA[]]></system-out>
  <system-err><![CDATA[[Test worker] INFO io.github.bonigarcia.wdm.WebDriverManager - Using geckodriver 0.29.0 (resolved driver for Firefox 90)
[Test worker] INFO io.github.bonigarcia.wdm.WebDriverManager - Exporting webdriver.gecko.driver as C:\Users\DN\.cache\selenium\geckodriver\win64\0.29.0\geckodriver.exe
1628275843983	geckodriver	INFO	Listening on 127.0.0.1:19490
1628275845143	mozrunner::runner	INFO	Running command: "C:\\Program Files (x86)\\Mozilla Firefox\\firefox.exe" "--marionette" "-foreground" "-no-remote" "-profile" "C:\\Users\\DN\\AppData\\Local\\Temp\\rust_mozprofilel3fVAV"
1628275846226	Marionette	INFO	Marionette enabled
console.warn: SearchSettings: "get: No settings file exists, new profile?" (new NotFoundError("Could not open the file at C:\\Users\\DN\\AppData\\Local\\Temp\\rust_mozprofilel3fVAV\\search.json.mozlz4", (void 0)))
1628275851625	Marionette	INFO	Listening on port 61916
1628275852385	Marionette	WARN	TLS certificate errors will be ignored for this session
aug. 06, 2021 8:50:52 DU. org.openqa.selenium.remote.ProtocolHandshake createSession
INFO: Detected dialect: W3C
1628275858493	Marionette	INFO	Stopped listening on port 61916
]]></system-err>
</testsuite>
