<?xml version="1.0" encoding="UTF-8"?>
<testsuite name="MWPR_12_LogOutSuccess" tests="1" skipped="0" failures="0" errors="0" timestamp="2021-08-06T19:13:35" hostname="VeresLaszlo-PC" time="24.705">
  <properties/>
  <testcase name="logOutSuccessful()" classname="MWPR_12_LogOutSuccess" time="24.705"/>
  <system-out><![CDATA[]]></system-out>
  <system-err><![CDATA[[Test worker] INFO io.github.bonigarcia.wdm.WebDriverManager - Using geckodriver 0.29.0 (resolved driver for Firefox 90)
[Test worker] INFO io.github.bonigarcia.wdm.WebDriverManager - Exporting webdriver.gecko.driver as C:\Users\DN\.cache\selenium\geckodriver\win64\0.29.0\geckodriver.exe
1628277205716	geckodriver	INFO	Listening on 127.0.0.1:4243
1628277206120	mozrunner::runner	INFO	Running command: "C:\\Program Files (x86)\\Mozilla Firefox\\firefox.exe" "--marionette" "-foreground" "-no-remote" "-profile" "C:\\Users\\DN\\AppData\\Local\\Temp\\rust_mozprofileErVX5k"
1628277206728	Marionette	INFO	Marionette enabled
console.warn: SearchSettings: "get: No settings file exists, new profile?" (new NotFoundError("Could not open the file at C:\\Users\\DN\\AppData\\Local\\Temp\\rust_mozprofileErVX5k\\search.json.mozlz4", (void 0)))
1628277211786	Marionette	INFO	Listening on port 62827
1628277212207	Marionette	WARN	TLS certificate errors will be ignored for this session
aug. 06, 2021 9:13:32 DU. org.openqa.selenium.remote.ProtocolHandshake createSession
INFO: Detected dialect: W3C
1628277239015	Marionette	INFO	Stopped listening on port 62827
]]></system-err>
</testsuite>
