<?xml version="1.0" encoding="UTF-8"?>
<testsuite name="MWPR_05_DataListing" tests="1" skipped="0" failures="0" errors="0" timestamp="2021-08-07T06:24:49" hostname="VeresLaszlo-PC" time="4.48">
  <properties/>
  <testcase name="listingAccessoriesFromLowToHighPrice()" classname="MWPR_05_DataListing" time="4.48"/>
  <system-out><![CDATA[]]></system-out>
  <system-err><![CDATA[[Test worker] INFO io.github.bonigarcia.wdm.WebDriverManager - Using geckodriver 0.29.0 (resolved driver for Firefox 90)
[Test worker] INFO io.github.bonigarcia.wdm.WebDriverManager - Exporting webdriver.gecko.driver as C:\Users\DN\.cache\selenium\geckodriver\win64\0.29.0\geckodriver.exe
1628317480699	geckodriver	INFO	Listening on 127.0.0.1:43702
1628317481174	mozrunner::runner	INFO	Running command: "C:\\Program Files (x86)\\Mozilla Firefox\\firefox.exe" "--marionette" "-foreground" "-no-remote" "-profile" "C:\\Users\\DN\\AppData\\Local\\Temp\\rust_mozprofile4fabLF"
1628317481762	Marionette	INFO	Marionette enabled
console.warn: SearchSettings: "get: No settings file exists, new profile?" (new NotFoundError("Could not open the file at C:\\Users\\DN\\AppData\\Local\\Temp\\rust_mozprofile4fabLF\\search.json.mozlz4", (void 0)))
1628317486255	Marionette	INFO	Listening on port 49745
1628317486393	Marionette	WARN	TLS certificate errors will be ignored for this session
aug. 07, 2021 8:24:46 DE. org.openqa.selenium.remote.ProtocolHandshake createSession
INFO: Detected dialect: W3C
1628317491875	Marionette	INFO	Stopped listening on port 49745
[Parent 4376, IPC I/O Parent] WARNING: file /builds/worker/checkouts/gecko/ipc/chromium/src/base/process_util_win.cc:167

###!!! [Child][RunMessage] Error: Channel closing: too late to send/recv, messages will be lost

]]></system-err>
</testsuite>
