<?xml version="1.0" encoding="UTF-8"?>
<testsuite name="MWPR_11_DataExportToFile" tests="1" skipped="0" failures="0" errors="0" timestamp="2021-08-11T07:11:30" hostname="VeresLaszlo-PC" time="4.451">
  <properties/>
  <testcase name="exportProductsNameToFile()" classname="MWPR_11_DataExportToFile" time="4.451"/>
  <system-out><![CDATA[]]></system-out>
  <system-err><![CDATA[[Test worker] INFO io.github.bonigarcia.wdm.WebDriverManager - Reading https://api.github.com/repos/mozilla/geckodriver/releases to seek geckodriver
[Test worker] INFO io.github.bonigarcia.wdm.WebDriverManager - Exporting webdriver.gecko.driver as C:\Users\DN\.cache\selenium\geckodriver\win64\0.29.1\geckodriver.exe
1628665882851	geckodriver	INFO	Listening on 127.0.0.1:1960
1628665883341	mozrunner::runner	INFO	Running command: "C:\\Program Files (x86)\\Mozilla Firefox\\firefox.exe" "--marionette" "-foreground" "-no-remote" "-profile" "C:\\Users\\DN\\AppData\\Local\\Temp\\rust_mozprofileysSbCB"
1628665884796	Marionette	INFO	Marionette enabled
console.warn: SearchSettings: "get: No settings file exists, new profile?" (new NotFoundError("Could not open the file at C:\\Users\\DN\\AppData\\Local\\Temp\\rust_mozprofileysSbCB\\search.json.mozlz4", (void 0)))
1628665889334	Marionette	INFO	Listening on port 60061
1628665889688	RemoteAgent	WARN	TLS certificate errors will be ignored for this session
aug. 11, 2021 9:11:29 DE. org.openqa.selenium.remote.ProtocolHandshake createSession
INFO: Detected dialect: W3C
1628665894523	Marionette	INFO	Stopped listening on port 60061
JavaScript error: resource:///modules/Interactions.jsm, line 209: NS_ERROR_FAILURE: Component returned failure code: 0x80004005 (NS_ERROR_FAILURE) [nsIUserIdleService.removeIdleObserver]
[Parent 9024, IPC I/O Parent] WARNING: file /builds/worker/checkouts/gecko/ipc/chromium/src/base/process_util_win.cc:167

###!!! [Parent][RunMessage] Error: Channel closing: too late to send/recv, messages will be lost

]]></system-err>
</testsuite>
