<?xml version="1.0" encoding="UTF-8"?>
<testsuite name="MWPR_05_DataListing" tests="1" skipped="0" failures="0" errors="0" timestamp="2021-08-03T07:11:41" hostname="VeresLaszlo-PC" time="5.747">
  <properties/>
  <testcase name="listingAccessoriesFromLowToHighPrice()" classname="MWPR_05_DataListing" time="5.747"/>
  <system-out><![CDATA[]]></system-out>
  <system-err><![CDATA[1627974692392	geckodriver	INFO	Listening on 127.0.0.1:2221
1627974692856	mozrunner::runner	INFO	Running command: "C:\\Program Files (x86)\\Mozilla Firefox\\firefox.exe" "--marionette" "-foreground" "-no-remote" "-profile" "C:\\Users\\DN\\AppData\\Local\\Temp\\rust_mozprofile31JwCF"
1627974693459	Marionette	INFO	Marionette enabled
console.warn: SearchSettings: "get: No settings file exists, new profile?" (new NotFoundError("Could not open the file at C:\\Users\\DN\\AppData\\Local\\Temp\\rust_mozprofile31JwCF\\search.json.mozlz4", (void 0)))
1627974698896	Marionette	INFO	Listening on port 50303
1627974699409	Marionette	WARN	TLS certificate errors will be ignored for this session
aug. 03, 2021 9:11:39 DE. org.openqa.selenium.remote.ProtocolHandshake createSession
INFO: Detected dialect: W3C
1627974705179	Marionette	INFO	Stopped listening on port 50303

###!!! [Child][MessageChannel] Error: (msgtype=0x39011B,name=PContent::Msg_RecordDiscardedData) Channel closing: too late to send/recv, messages will be lost

]]></system-err>
</testsuite>
