<?xml version="1.0" encoding="UTF-8"?>
<testsuite name="MWPR_04_LoginSuccess" tests="1" skipped="0" failures="0" errors="0" timestamp="2021-08-07T06:24:17" hostname="VeresLaszlo-PC" time="23.22">
  <properties/>
  <testcase name="successfulLogin()" classname="MWPR_04_LoginSuccess" time="23.22"/>
  <system-out><![CDATA[]]></system-out>
  <system-err><![CDATA[[Test worker] INFO io.github.bonigarcia.wdm.WebDriverManager - Using geckodriver 0.29.0 (resolved driver for Firefox 90)
[Test worker] INFO io.github.bonigarcia.wdm.WebDriverManager - Exporting webdriver.gecko.driver as C:\Users\DN\.cache\selenium\geckodriver\win64\0.29.0\geckodriver.exe
1628317448581	geckodriver	INFO	Listening on 127.0.0.1:29939
1628317449030	mozrunner::runner	INFO	Running command: "C:\\Program Files (x86)\\Mozilla Firefox\\firefox.exe" "--marionette" "-foreground" "-no-remote" "-profile" "C:\\Users\\DN\\AppData\\Local\\Temp\\rust_mozprofileZfcULw"
1628317449628	Marionette	INFO	Marionette enabled
console.warn: SearchSettings: "get: No settings file exists, new profile?" (new NotFoundError("Could not open the file at C:\\Users\\DN\\AppData\\Local\\Temp\\rust_mozprofileZfcULw\\search.json.mozlz4", (void 0)))
1628317454365	Marionette	INFO	Listening on port 49695
1628317454777	Marionette	WARN	TLS certificate errors will be ignored for this session
aug. 07, 2021 8:24:14 DE. org.openqa.selenium.remote.ProtocolHandshake createSession
INFO: Detected dialect: W3C
1628317479550	Marionette	INFO	Stopped listening on port 49695
[Parent 6552, IPC I/O Parent] WARNING: file /builds/worker/checkouts/gecko/ipc/chromium/src/base/process_util_win.cc:167
]]></system-err>
</testsuite>
