<?xml version="1.0" encoding="UTF-8"?>
<testsuite name="MWPR_09_DataChange" tests="1" skipped="0" failures="0" errors="0" timestamp="2021-08-06T19:12:28" hostname="VeresLaszlo-PC" time="26.425">
  <properties/>
  <testcase name="changingLastName()" classname="MWPR_09_DataChange" time="26.425"/>
  <system-out><![CDATA[]]></system-out>
  <system-err><![CDATA[[Test worker] INFO io.github.bonigarcia.wdm.WebDriverManager - Using geckodriver 0.29.0 (resolved driver for Firefox 90)
[Test worker] INFO io.github.bonigarcia.wdm.WebDriverManager - Exporting webdriver.gecko.driver as C:\Users\DN\.cache\selenium\geckodriver\win64\0.29.0\geckodriver.exe
1628277138197	geckodriver	INFO	Listening on 127.0.0.1:33617
1628277138637	mozrunner::runner	INFO	Running command: "C:\\Program Files (x86)\\Mozilla Firefox\\firefox.exe" "--marionette" "-foreground" "-no-remote" "-profile" "C:\\Users\\DN\\AppData\\Local\\Temp\\rust_mozprofile3Oys13"
1628277140754	Marionette	INFO	Marionette enabled
console.warn: SearchSettings: "get: No settings file exists, new profile?" (new NotFoundError("Could not open the file at C:\\Users\\DN\\AppData\\Local\\Temp\\rust_mozprofile3Oys13\\search.json.mozlz4", (void 0)))
1628277145581	Marionette	INFO	Listening on port 62658
1628277146159	Marionette	WARN	TLS certificate errors will be ignored for this session
aug. 06, 2021 9:12:26 DU. org.openqa.selenium.remote.ProtocolHandshake createSession
INFO: Detected dialect: W3C
1628277173759	Marionette	INFO	Stopped listening on port 62658
]]></system-err>
</testsuite>
